Server started
Server started
Server started
Server started
Order received
Cooking order
Order received
Cooking order
Order received
Cooking order
Order received
Order received
Order received
Order received
Order received
Order received
Order received
Order cooked
Order cooked
Order cooked
Delivering order
Cooking order
Delivering order
Cooking order
Delivering order
Cooking order
Order delivered
Order delivered
Order delivered
Order cooked
Order cooked
Delivering order
Delivering order
Cooking order
Order cooked
Delivering order
Cooking order
Cooking order
Order delivered
Order delivered
Order delivered
Order cooked
Order cooked
Delivering order
Cooking order
Delivering order
Order cooked
Delivering order
Order delivered
Order delivered
Order delivered
Order cooked
Delivering order
Order delivered
Server started
Server started
Accepted new client connection
Received order 0 from client Client Address
Accepted new client connection
Cooking order
Received order 1 from client Client Address
Cooking order
Accepted new client connection
Received order 2 from client Client Address
Cooking order
Accepted new client connection
Received order 3 from client Client Address
Accepted new client connection
Received order 4 from client Client Address
Accepted new client connection
Received order 5 from client Client Address
Accepted new client connection
Received order 6 from client Client Address
Accepted new client connection
Received order 7 from client Client Address
Accepted new client connection
Received order 8 from client Client Address
Accepted new client connection
Received order 9 from client Client Address
Order cooked
Delivering order
Cooking order
Order cooked
Delivering order
Cooking order
Order cooked
Delivering order
Cooking order
Order delivered
Order delivered
Order delivered
Order cooked
Delivering order
Cooking order
Order cooked
Delivering order
Cooking order
Order cooked
Delivering order
Cooking order
Order delivered
Order delivered
Order delivered
Order cooked
Delivering order
Order cooked
Delivering order
Cooking order
Order cooked
Delivering order
Order delivered
Order delivered
Order delivered
Order cooked
Delivering order
Order delivered
